
=== Tue Oct  6 16:08:51 2020

Packages were changed.
Update Mode: mergeDefaultDependencies

The following packages were 追加済:
  com.unity.collab-proxy@1.2.16
  com.unity.modules.ai@1.0.0
  com.unity.modules.cloth@1.0.0
  com.unity.modules.director@1.0.0
  com.unity.modules.physics@1.0.0
  com.unity.modules.terrain@1.0.0
  com.unity.modules.terrainphysics@1.0.0
  com.unity.modules.umbra@1.0.0
  com.unity.modules.vehicles@1.0.0
  com.unity.modules.vr@1.0.0
  com.unity.modules.wind@1.0.0
  com.unity.modules.xr@1.0.0
  com.unity.timeline@1.2.16

=== Sat Nov  7 19:30:13 2020

Packages were changed.
Update Mode: updateDependencies

The following packages were 更新済:
  com.unity.mobile.android-logcat をバージョン 1.1.1 から 1.2.0 へ
  com.unity.test-framework をバージョン 1.1.16 から 1.1.18 へ
